<?xml version="1.0" encoding="UTF-8"?>
<!-- Generated by org.testng.reporters.JUnitXMLReporter -->
<testsuite hostname="LAPTOP-T03VUTLP" ignored="10" name="Test" tests="20" failures="18" timestamp="2022-03-20T21:56:21 IST" time="148.483" errors="0">
  <testcase name="verifyAdminValidLogin" time="60.079" classname="com.script.ValidTestClass">
    <failure type="org.openqa.selenium.ElementClickInterceptedException" message="element click intercepted: Element is not clickable at point (768, 760)
  (Session info: chrome=99.0.4844.74)
Build info: version: &amp;apos;3.141.59&amp;apos;, revision: &amp;apos;e82be7d358&amp;apos;, time: &amp;apos;2018-11-14T08:17:03&amp;apos;
System info: host: &amp;apos;LAPTOP-T03VUTLP&amp;apos;, ip: &amp;apos;192.168.43.22&amp;apos;, os.name: &amp;apos;Windows 10&amp;apos;, os.arch: &amp;apos;amd64&amp;apos;, os.version: &amp;apos;10.0&amp;apos;, java.version: &amp;apos;1.8.0_271&amp;apos;
Driver info: org.openqa.selenium.chrome.ChromeDriver
Capabilities {acceptInsecureCerts: false, browserName: chrome, browserVersion: 99.0.4844.74, chrome: {chromedriverVersion: 98.0.4758.102 (273bf7ac8c90..., userDataDir: C:\Users\ARUNMA~1\AppData\L...}, goog:chromeOptions: {debuggerAddress: localhost:52551}, javascriptEnabled: true, networkConnectionEnabled: false, pageLoadStrategy: normal, platform: WINDOWS, platformName: WINDOWS, proxy: Proxy(), setWindowRect: true, strictFileInteractability: false, timeouts: {implicit: 0, pageLoad: 300000, script: 30000}, unhandledPromptBehavior: dismiss and notify, webauthn:extension:credBlob: true, webauthn:extension:largeBlob: true, webauthn:virtualAuthenticators: true}
Session ID: 6f874a278c8511567aa8293f6da8ca76">
      <![CDATA[org.openqa.selenium.ElementClickInterceptedException: element click intercepted: Element is not clickable at point (768, 760)
  (Session info: chrome=99.0.4844.74)
Build info: version: '3.141.59', revision: 'e82be7d358', time: '2018-11-14T08:17:03'
System info: host: 'LAPTOP-T03VUTLP', ip: '192.168.43.22', os.name: 'Windows 10', os.arch: 'amd64', os.version: '10.0', java.version: '1.8.0_271'
Driver info: org.openqa.selenium.chrome.ChromeDriver
Capabilities {acceptInsecureCerts: false, browserName: chrome, browserVersion: 99.0.4844.74, chrome: {chromedriverVersion: 98.0.4758.102 (273bf7ac8c90..., userDataDir: C:\Users\ARUNMA~1\AppData\L...}, goog:chromeOptions: {debuggerAddress: localhost:52551}, javascriptEnabled: true, networkConnectionEnabled: false, pageLoadStrategy: normal, platform: WINDOWS, platformName: WINDOWS, proxy: Proxy(), setWindowRect: true, strictFileInteractability: false, timeouts: {implicit: 0, pageLoad: 300000, script: 30000}, unhandledPromptBehavior: dismiss and notify, webauthn:extension:credBlob: true, webauthn:extension:largeBlob: true, webauthn:virtualAuthenticators: true}
Session ID: 6f874a278c8511567aa8293f6da8ca76
at org.openqa.selenium.remote.http.W3CHttpResponseCodec.createException(W3CHttpResponseCodec.java:187)
at org.openqa.selenium.remote.http.W3CHttpResponseCodec.decode(W3CHttpResponseCodec.java:122)
at org.openqa.selenium.remote.http.W3CHttpResponseCodec.decode(W3CHttpResponseCodec.java:49)
at org.openqa.selenium.remote.HttpCommandExecutor.execute(HttpCommandExecutor.java:158)
at org.openqa.selenium.remote.service.DriverCommandExecutor.execute(DriverCommandExecutor.java:83)
at org.openqa.selenium.remote.RemoteWebDriver.execute(RemoteWebDriver.java:552)
at org.openqa.selenium.remote.RemoteWebElement.execute(RemoteWebElement.java:285)
at org.openqa.selenium.remote.RemoteWebElement.click(RemoteWebElement.java:84)
at org.openqa.selenium.support.pagefactory.internal.LocatingElementHandler.invoke(LocatingElementHandler.java:51)
at com.sun.proxy.$Proxy9.click(Unknown Source)
at com.TrainermanagementPages.LoginandVerifyAllTrPage.clickVenue(LoginandVerifyAllTrPage.java:106)
at com.script.ValidTestClass.verifyAdminValidLogin(ValidTestClass.java:111)
at java.util.ArrayList.forEach(ArrayList.java:1259)
... Removed 35 stack frames]]>
    </failure>
  </testcase> <!-- verifyAdminValidLogin -->
  <testcase name="verifyAllocateTrainer" time="36.859" classname="com.script.ValidTestClass"/>
  <testcase name="viewallocatedTrainer" time="18.662" classname="com.script.ValidTestClass"/>
  <testcase name="verifyInValidLogin8" time="0.002" classname="com.script.InvalidTestClass">
    <failure type="java.lang.NullPointerException">
      <![CDATA[java.lang.NullPointerException
at org.openqa.selenium.support.pagefactory.DefaultElementLocator.findElement(DefaultElementLocator.java:69)
at org.openqa.selenium.support.pagefactory.internal.LocatingElementHandler.invoke(LocatingElementHandler.java:38)
at com.sun.proxy.$Proxy9.click(Unknown Source)
at com.TrainermanagementPages.LoginPage.clicklogin(LoginPage.java:31)
at com.script.InvalidTestClass.verifyInValidLogin8(InvalidTestClass.java:23)
at java.util.ArrayList.forEach(ArrayList.java:1259)
... Removed 27 stack frames]]>
    </failure>
  </testcase> <!-- verifyInValidLogin8 -->
  <testcase name="verifyInValidLogin1" time="0.074" classname="com.script.InvalidTestClass">
    <failure type="java.lang.NullPointerException">
      <![CDATA[java.lang.NullPointerException
at org.openqa.selenium.support.pagefactory.DefaultElementLocator.findElement(DefaultElementLocator.java:69)
at org.openqa.selenium.support.pagefactory.internal.LocatingElementHandler.invoke(LocatingElementHandler.java:38)
at com.sun.proxy.$Proxy9.click(Unknown Source)
at com.TrainermanagementPages.LoginPage.clicklogin(LoginPage.java:31)
at com.script.InvalidTestClass.verifyInValidLogin1(InvalidTestClass.java:54)
at java.util.ArrayList.forEach(ArrayList.java:1259)
... Removed 27 stack frames]]>
    </failure>
  </testcase> <!-- verifyInValidLogin1 -->
  <testcase name="verifyInValidLogin2" time="0.062" classname="com.script.InvalidTestClass">
    <failure type="java.lang.NullPointerException">
      <![CDATA[java.lang.NullPointerException
at org.openqa.selenium.support.pagefactory.DefaultElementLocator.findElement(DefaultElementLocator.java:69)
at org.openqa.selenium.support.pagefactory.internal.LocatingElementHandler.invoke(LocatingElementHandler.java:38)
at com.sun.proxy.$Proxy9.click(Unknown Source)
at com.TrainermanagementPages.LoginPage.clicklogin(LoginPage.java:31)
at com.script.InvalidTestClass.verifyInValidLogin2(InvalidTestClass.java:84)
at java.util.ArrayList.forEach(ArrayList.java:1259)
... Removed 27 stack frames]]>
    </failure>
  </testcase> <!-- verifyInValidLogin2 -->
  <testcase name="verifyInValidLogin3" time="0.054" classname="com.script.InvalidTestClass">
    <failure type="java.lang.NullPointerException">
      <![CDATA[java.lang.NullPointerException
at org.openqa.selenium.support.pagefactory.DefaultElementLocator.findElement(DefaultElementLocator.java:69)
at org.openqa.selenium.support.pagefactory.internal.LocatingElementHandler.invoke(LocatingElementHandler.java:38)
at com.sun.proxy.$Proxy9.click(Unknown Source)
at com.TrainermanagementPages.LoginPage.clicklogin(LoginPage.java:31)
at com.script.InvalidTestClass.verifyInValidLogin3(InvalidTestClass.java:111)
at java.util.ArrayList.forEach(ArrayList.java:1259)
... Removed 27 stack frames]]>
    </failure>
  </testcase> <!-- verifyInValidLogin3 -->
  <testcase name="verifyInValidLogin6" time="0.047" classname="com.script.BlankEmailTestClass">
    <failure type="java.lang.NullPointerException">
      <![CDATA[java.lang.NullPointerException
at org.openqa.selenium.support.pagefactory.DefaultElementLocator.findElement(DefaultElementLocator.java:69)
at org.openqa.selenium.support.pagefactory.internal.LocatingElementHandler.invoke(LocatingElementHandler.java:38)
at com.sun.proxy.$Proxy9.click(Unknown Source)
at com.TrainermanagementPages.LoginPage.clicklogin(LoginPage.java:31)
at com.script.BlankEmailTestClass.verifyInValidLogin6(BlankEmailTestClass.java:25)
at java.util.ArrayList.forEach(ArrayList.java:1259)
... Removed 27 stack frames]]>
    </failure>
  </testcase> <!-- verifyInValidLogin6 -->
  <testcase name="verifyInValidLogin7" time="0.053" classname="com.script.BlankEmailTestClass">
    <failure type="java.lang.NullPointerException">
      <![CDATA[java.lang.NullPointerException
at org.openqa.selenium.support.pagefactory.DefaultElementLocator.findElement(DefaultElementLocator.java:69)
at org.openqa.selenium.support.pagefactory.internal.LocatingElementHandler.invoke(LocatingElementHandler.java:38)
at com.sun.proxy.$Proxy9.click(Unknown Source)
at com.TrainermanagementPages.LoginPage.clicklogin(LoginPage.java:31)
at com.script.BlankEmailTestClass.verifyInValidLogin7(BlankEmailTestClass.java:45)
at java.util.ArrayList.forEach(ArrayList.java:1259)
... Removed 27 stack frames]]>
    </failure>
  </testcase> <!-- verifyInValidLogin7 -->
  <testcase name="verifyInValidLogin4" time="4.067" classname="com.script.BlankPasswordTestClass">
    <failure type="java.lang.NullPointerException">
      <![CDATA[java.lang.NullPointerException
at org.openqa.selenium.support.pagefactory.DefaultElementLocator.findElement(DefaultElementLocator.java:69)
at org.openqa.selenium.support.pagefactory.internal.LocatingElementHandler.invoke(LocatingElementHandler.java:38)
at com.sun.proxy.$Proxy9.click(Unknown Source)
at com.TrainermanagementPages.LoginPage.clicklogin(LoginPage.java:31)
at com.script.BlankPasswordTestClass.verifyInValidLogin4(BlankPasswordTestClass.java:26)
at java.util.ArrayList.forEach(ArrayList.java:1259)
... Removed 27 stack frames]]>
    </failure>
  </testcase> <!-- verifyInValidLogin4 -->
  <testcase name="verifyInValidLogin5" time="0.058" classname="com.script.BlankPasswordTestClass">
    <failure type="java.lang.NullPointerException">
      <![CDATA[java.lang.NullPointerException
at org.openqa.selenium.support.pagefactory.DefaultElementLocator.findElement(DefaultElementLocator.java:69)
at org.openqa.selenium.support.pagefactory.internal.LocatingElementHandler.invoke(LocatingElementHandler.java:38)
at com.sun.proxy.$Proxy9.click(Unknown Source)
at com.TrainermanagementPages.LoginPage.clicklogin(LoginPage.java:31)
at com.script.BlankPasswordTestClass.verifyInValidLogin5(BlankPasswordTestClass.java:46)
at java.util.ArrayList.forEach(ArrayList.java:1259)
... Removed 27 stack frames]]>
    </failure>
  </testcase> <!-- verifyInValidLogin5 -->
  <testcase name="verifyEnrollPage" time="0.007" classname="com.script.TestClassSignup">
    <failure type="java.lang.NullPointerException">
      <![CDATA[java.lang.NullPointerException
at com.TrainermanagementPages.SignUpPage.clickEnroll(SignUpPage.java:83)
at com.script.TestClassSignup.verifyEnrollPage(TestClassSignup.java:43)
at java.util.ArrayList.forEach(ArrayList.java:1259)
... Removed 27 stack frames]]>
    </failure>
  </testcase> <!-- verifyEnrollPage -->
  <testcase name="verifyInvalidSignUp" time="0.225" classname="com.script.TestClassSignup">
    <failure type="java.lang.NullPointerException">
      <![CDATA[java.lang.NullPointerException
at org.openqa.selenium.support.pagefactory.DefaultElementLocator.findElement(DefaultElementLocator.java:69)
at org.openqa.selenium.support.pagefactory.internal.LocatingElementHandler.invoke(LocatingElementHandler.java:38)
at com.sun.proxy.$Proxy9.clear(Unknown Source)
at com.TrainermanagementPages.SignUpPage.setName(SignUpPage.java:90)
at com.script.TestClassSignup.verifyInvalidSignUp(TestClassSignup.java:69)
at java.util.ArrayList.forEach(ArrayList.java:1259)
... Removed 27 stack frames]]>
    </failure>
  </testcase> <!-- verifyInvalidSignUp -->
  <testcase name="verifyValidSignUp" time="0.168" classname="com.script.TestClassSignup">
    <failure type="java.lang.NullPointerException">
      <![CDATA[java.lang.NullPointerException
at com.TrainermanagementPages.SignUpPage.scrollUpPage(SignUpPage.java:202)
at com.script.TestClassSignup.verifyValidSignUp(TestClassSignup.java:161)
at java.util.ArrayList.forEach(ArrayList.java:1259)
... Removed 27 stack frames]]>
    </failure>
  </testcase> <!-- verifyValidSignUp -->
  <testcase name="verifyValidLogin" time="0.024" classname="com.script.TestClassSignup">
    <failure type="java.lang.NullPointerException">
      <![CDATA[java.lang.NullPointerException
at com.TrainermanagementPages.LoginPageF.scrollUpPage(LoginPageF.java:62)
at com.script.TestClassSignup.verifyValidLogin(TestClassSignup.java:223)
at java.util.ArrayList.forEach(ArrayList.java:1259)
... Removed 27 stack frames]]>
    </failure>
  </testcase> <!-- verifyValidLogin -->
  <testcase name="verifyMyProfile" time="3.017" classname="com.script.TestClassSignup">
    <failure type="java.lang.NullPointerException">
      <![CDATA[java.lang.NullPointerException
at org.openqa.selenium.support.pagefactory.DefaultElementLocator.findElement(DefaultElementLocator.java:69)
at org.openqa.selenium.support.pagefactory.internal.LocatingElementHandler.invoke(LocatingElementHandler.java:38)
at com.sun.proxy.$Proxy9.findElements(Unknown Source)
at com.TrainermanagementPages.MyProfilePage.getTable(MyProfilePage.java:36)
at com.script.TestClassSignup.verifyMyProfile(TestClassSignup.java:246)
at java.util.ArrayList.forEach(ArrayList.java:1259)
... Removed 27 stack frames]]>
    </failure>
  </testcase> <!-- verifyMyProfile -->
  <testcase name="verifyEditProfile" time="2.014" classname="com.script.TestClassSignup">
    <failure type="java.lang.NullPointerException">
      <![CDATA[java.lang.NullPointerException
at org.openqa.selenium.support.pagefactory.DefaultElementLocator.findElement(DefaultElementLocator.java:69)
at org.openqa.selenium.support.pagefactory.internal.LocatingElementHandler.invoke(LocatingElementHandler.java:38)
at com.sun.proxy.$Proxy9.isEnabled(Unknown Source)
at com.TrainermanagementPages.EditProfilePage.EditProfileButtonAssertion(EditProfilePage.java:82)
at com.script.TestClassSignup.verifyEditProfile(TestClassSignup.java:274)
at java.util.ArrayList.forEach(ArrayList.java:1259)
... Removed 27 stack frames]]>
    </failure>
  </testcase> <!-- verifyEditProfile -->
  <testcase name="verifyInvalidEditProfile" time="0.146" classname="com.script.TestClassSignup">
    <failure type="java.lang.NullPointerException">
      <![CDATA[java.lang.NullPointerException
at org.openqa.selenium.support.pagefactory.DefaultElementLocator.findElement(DefaultElementLocator.java:69)
at org.openqa.selenium.support.pagefactory.internal.LocatingElementHandler.invoke(LocatingElementHandler.java:38)
at com.sun.proxy.$Proxy9.clear(Unknown Source)
at com.TrainermanagementPages.EditProfilePage.setName(EditProfilePage.java:96)
at com.script.TestClassSignup.verifyInvalidEditProfile(TestClassSignup.java:297)
at java.util.ArrayList.forEach(ArrayList.java:1259)
... Removed 27 stack frames]]>
    </failure>
  </testcase> <!-- verifyInvalidEditProfile -->
  <testcase name="verifyValidEditProfile" time="3.125" classname="com.script.TestClassSignup">
    <failure type="java.lang.NullPointerException">
      <![CDATA[java.lang.NullPointerException
at com.TrainermanagementPages.EditProfilePage.scrollUpPage(EditProfilePage.java:178)
at com.script.TestClassSignup.verifyValidEditProfile(TestClassSignup.java:373)
at java.util.ArrayList.forEach(ArrayList.java:1259)
... Removed 27 stack frames]]>
    </failure>
  </testcase> <!-- verifyValidEditProfile -->
  <testcase name="verifyTrainerValidLogin" time="0.041" classname="com.script.TrainerTestclass">
    <failure type="java.lang.NullPointerException">
      <![CDATA[java.lang.NullPointerException
at org.openqa.selenium.support.pagefactory.DefaultElementLocator.findElement(DefaultElementLocator.java:69)
at org.openqa.selenium.support.pagefactory.internal.LocatingElementHandler.invoke(LocatingElementHandler.java:38)
at com.sun.proxy.$Proxy9.click(Unknown Source)
at com.TrainermanagementPages.LoginPage.clicklogin(LoginPage.java:31)
at com.script.TrainerTestclass.verifyTrainerValidLogin(TrainerTestclass.java:30)
at java.util.ArrayList.forEach(ArrayList.java:1259)
... Removed 27 stack frames]]>
    </failure>
  </testcase> <!-- verifyTrainerValidLogin -->
  <testcase name="@AfterTest quitBrowser" time="0.0" classname="com.script.TestBase">
    <ignored/>
  </testcase> <!-- @AfterTest quitBrowser -->
  <testcase name="@AfterTest quitBrowser" time="0.0" classname="com.script.TestBase">
    <ignored/>
  </testcase> <!-- @AfterTest quitBrowser -->
  <testcase name="@AfterTest quitBrowser" time="0.0" classname="com.script.TestBase">
    <ignored/>
  </testcase> <!-- @AfterTest quitBrowser -->
  <testcase name="@AfterTest quitBrowser" time="0.0" classname="com.script.TestBase">
    <ignored/>
  </testcase> <!-- @AfterTest quitBrowser -->
  <testcase name="@AfterTest quitBrowser" time="0.0" classname="com.script.TestBase">
    <ignored/>
  </testcase> <!-- @AfterTest quitBrowser -->
  <testcase name="@BeforeTest onSetup" time="0.0" classname="com.script.TestBase">
    <ignored/>
  </testcase> <!-- @BeforeTest onSetup -->
  <testcase name="@BeforeTest onSetup" time="0.0" classname="com.script.TestBase">
    <ignored/>
  </testcase> <!-- @BeforeTest onSetup -->
  <testcase name="@BeforeTest onSetup" time="0.0" classname="com.script.TestBase">
    <ignored/>
  </testcase> <!-- @BeforeTest onSetup -->
  <testcase name="@BeforeTest onSetup" time="0.0" classname="com.script.TestBase">
    <ignored/>
  </testcase> <!-- @BeforeTest onSetup -->
  <testcase name="@BeforeTest onSetup" time="0.0" classname="com.script.TestBase">
    <ignored/>
  </testcase> <!-- @BeforeTest onSetup -->
</testsuite> <!-- Test -->
